0 info it worked if it ends with ok
1 verbose cli [ '/Users/sadik/.nvm/versions/node/v7.5.0/bin/node',
1 verbose cli   '/Users/sadik/.nvm/versions/node/v7.5.0/bin/npm',
1 verbose cli   'run',
1 verbose cli   'test',
1 verbose cli   '--',
1 verbose cli   '--coverage' ]
2 info using npm@4.1.2
3 info using node@v7.5.0
4 verbose run-script [ 'pretest', 'test', 'posttest' ]
5 info lifecycle redux-simple-starter@1.0.0~pretest: redux-simple-starter@1.0.0
6 silly lifecycle redux-simple-starter@1.0.0~pretest: no script for pretest, continuing
7 info lifecycle redux-simple-starter@1.0.0~test: redux-simple-starter@1.0.0
8 verbose lifecycle redux-simple-starter@1.0.0~test: unsafe-perm in lifecycle true
9 verbose lifecycle redux-simple-starter@1.0.0~test: PATH: /Users/sadik/.nvm/versions/node/v7.5.0/lib/node_modules/npm/bin/node-gyp-bin:/Users/sadik/dev/youkiz/node_modules/.bin:/Users/sadik/dev/youkiz/node_modules/.bin:/Users/sadik/.config/yarn/link/node_modules/.bin:/Users/sadik/dev/youkiz/node_modules/.bin:/Users/sadik/.config/yarn/link/node_modules/.bin:/Users/sadik/.nvm/versions/node/v7.5.0/lib/node_modules/npm/bin/node-gyp-bin:/Users/sadik/.nvm/versions/node/v7.5.0/bin/node_modules/npm/bin/node-gyp-bin:/Users/sadik/.nvm/versions/node/v7.5.0/bin:/usr/local/bin:/usr/bin:/bin:/usr/sbin:/sbin
10 verbose lifecycle redux-simple-starter@1.0.0~test: CWD: /Users/sadik/dev/youkiz
11 silly lifecycle redux-simple-starter@1.0.0~test: Args: [ '-c', 'jest "--coverage"' ]
12 silly lifecycle redux-simple-starter@1.0.0~test: Returned: code: 1  signal: null
13 info lifecycle redux-simple-starter@1.0.0~test: Failed to exec test script
14 verbose stack Error: redux-simple-starter@1.0.0 test: `jest "--coverage"`
14 verbose stack Exit status 1
14 verbose stack     at EventEmitter.<anonymous> (/Users/sadik/.nvm/versions/node/v7.5.0/lib/node_modules/npm/lib/utils/lifecycle.js:279:16)
14 verbose stack     at emitTwo (events.js:106:13)
14 verbose stack     at EventEmitter.emit (events.js:192:7)
14 verbose stack     at ChildProcess.<anonymous> (/Users/sadik/.nvm/versions/node/v7.5.0/lib/node_modules/npm/lib/utils/spawn.js:40:14)
14 verbose stack     at emitTwo (events.js:106:13)
14 verbose stack     at ChildProcess.emit (events.js:192:7)
14 verbose stack     at maybeClose (internal/child_process.js:890:16)
14 verbose stack     at Process.ChildProcess._handle.onexit (internal/child_process.js:226:5)
15 verbose pkgid redux-simple-starter@1.0.0
16 verbose cwd /Users/sadik/dev/youkiz
17 error Darwin 16.7.0
18 error argv "/Users/sadik/.nvm/versions/node/v7.5.0/bin/node" "/Users/sadik/.nvm/versions/node/v7.5.0/bin/npm" "run" "test" "--" "--coverage"
19 error node v7.5.0
20 error npm  v4.1.2
21 error code ELIFECYCLE
22 error redux-simple-starter@1.0.0 test: `jest "--coverage"`
22 error Exit status 1
23 error Failed at the redux-simple-starter@1.0.0 test script 'jest "--coverage"'.
23 error Make sure you have the latest version of node.js and npm installed.
23 error If you do, this is most likely a problem with the redux-simple-starter package,
23 error not with npm itself.
23 error Tell the author that this fails on your system:
23 error     jest "--coverage"
23 error You can get information on how to open an issue for this project with:
23 error     npm bugs redux-simple-starter
23 error Or if that isn't available, you can get their info via:
23 error     npm owner ls redux-simple-starter
23 error There is likely additional logging output above.
24 verbose exit [ 1, true ]
